2020-06-18 21:39:51 2632 [Note] Plugin 'FEDERATED' is disabled.
2020-06-18 21:39:51 2632 [Note] InnoDB: The InnoDB memory heap is disabled
2020-06-18 21:39:51 2632 [Note] InnoDB: Mutexes and rw_locks use Windows interlocked functions
2020-06-18 21:39:51 2632 [Note] InnoDB: Compressed tables use zlib 1.2.3
2020-06-18 21:39:51 2632 [Note] InnoDB: Not using CPU crc32 instructions
2020-06-18 21:39:51 2632 [Note] InnoDB: Initializing buffer pool, size = 128.0M
2020-06-18 21:39:51 2632 [Note] InnoDB: Completed initialization of buffer pool
2020-06-18 21:39:51 2632 [Note] InnoDB: Setting log file F:\BaiduNetdiskDownload\iPlaySoft.com-USBWebserver-v8.6\mysql\data\ib_logfile101 size to 5 MB
2020-06-18 21:39:51 2632 [Note] InnoDB: Setting log file F:\BaiduNetdiskDownload\iPlaySoft.com-USBWebserver-v8.6\mysql\data\ib_logfile1 size to 5 MB
2020-06-18 21:39:51 2632 [Note] InnoDB: Renaming log file F:\BaiduNetdiskDownload\iPlaySoft.com-USBWebserver-v8.6\mysql\data\ib_logfile101 to F:\BaiduNetdiskDownload\iPlaySoft.com-USBWebserver-v8.6\mysql\data\ib_logfile0
2020-06-18 21:39:51 2632 [Warning] InnoDB: New log files created, LSN=1626134
2020-06-18 21:39:51 2632 [Note] InnoDB: Highest supported file format is Barracuda.
2020-06-18 21:39:51 2632 [Note] InnoDB: 128 rollback segment(s) are active.
2020-06-18 21:39:51 2632 [Note] InnoDB: Waiting for purge to start
2020-06-18 21:39:51 2632 [Note] InnoDB: 5.6.13 started; log sequence number 1626636
2020-06-18 21:39:51 2632 [Warning] No existing UUID has been found, so we assume that this is the first time that this server has been started. Generating a new UUID: 2f9dfa09-b169-11ea-ad0e-0c9d920e418a.
2020-06-18 21:39:51 2632 [Note] Server hostname (bind-address): '*'; port: 3307
2020-06-18 21:39:51 2632 [Note] IPv6 is available.
2020-06-18 21:39:51 2632 [Note]   - '::' resolves to '::';
2020-06-18 21:39:51 2632 [Note] Server socket created on IP: '::'.
2020-07-12 21:52:56 1092 [Note] Plugin 'FEDERATED' is disabled.
2020-07-12 21:52:56 1092 [Note] InnoDB: The InnoDB memory heap is disabled
2020-07-12 21:52:56 1092 [Note] InnoDB: Mutexes and rw_locks use Windows interlocked functions
2020-07-12 21:52:56 1092 [Note] InnoDB: Compressed tables use zlib 1.2.3
2020-07-12 21:52:56 1092 [Note] InnoDB: Not using CPU crc32 instructions
2020-07-12 21:52:56 1092 [Note] InnoDB: Initializing buffer pool, size = 128.0M
2020-07-12 21:52:56 1092 [Note] InnoDB: Completed initialization of buffer pool
2020-07-12 21:52:56 1092 [Note] InnoDB: Highest supported file format is Barracuda.
2020-07-12 21:52:56 1092 [Note] InnoDB: The log sequence numbers 1626134 and 1626134 in ibdata files do not match the log sequence number 1626646 in the ib_logfiles!
2020-07-12 21:52:56 1092 [Note] InnoDB: Database was not shutdown normally!
2020-07-12 21:52:56 1092 [Note] InnoDB: Starting crash recovery.
2020-07-12 21:52:56 1092 [Note] InnoDB: Reading tablespace information from the .ibd files...
2020-07-12 21:52:56 1092 [Note] InnoDB: Restoring possible half-written data pages 
2020-07-12 21:52:56 1092 [Note] InnoDB: from the doublewrite buffer...
2020-07-12 21:52:56 1092 [Note] InnoDB: 128 rollback segment(s) are active.
2020-07-12 21:52:56 1092 [Note] InnoDB: Waiting for purge to start
2020-07-12 21:52:56 1092 [Note] InnoDB: 5.6.13 started; log sequence number 1626646
2020-07-12 21:52:56 1092 [Note] Server hostname (bind-address): '*'; port: 3307
2020-07-12 21:52:56 1092 [Note] IPv6 is available.
2020-07-12 21:52:56 1092 [Note]   - '::' resolves to '::';
2020-07-12 21:52:56 1092 [Note] Server socket created on IP: '::'.
2020-07-21 20:29:21 1436 [Note] Plugin 'FEDERATED' is disabled.
2020-07-21 20:29:21 1436 [Note] InnoDB: The InnoDB memory heap is disabled
2020-07-21 20:29:21 1436 [Note] InnoDB: Mutexes and rw_locks use Windows interlocked functions
2020-07-21 20:29:21 1436 [Note] InnoDB: Compressed tables use zlib 1.2.3
2020-07-21 20:29:21 1436 [Note] InnoDB: Not using CPU crc32 instructions
2020-07-21 20:29:21 1436 [Note] InnoDB: Initializing buffer pool, size = 128.0M
2020-07-21 20:29:21 1436 [Note] InnoDB: Completed initialization of buffer pool
2020-07-21 20:29:21 1436 [Note] InnoDB: Highest supported file format is Barracuda.
2020-07-21 20:29:21 1436 [Note] InnoDB: The log sequence numbers 1626134 and 1626134 in ibdata files do not match the log sequence number 2338842 in the ib_logfiles!
2020-07-21 20:29:21 1436 [Note] InnoDB: Database was not shutdown normally!
2020-07-21 20:29:21 1436 [Note] InnoDB: Starting crash recovery.
2020-07-21 20:29:21 1436 [Note] InnoDB: Reading tablespace information from the .ibd files...
2020-07-21 20:29:22 1436 [Note] InnoDB: Restoring possible half-written data pages 
2020-07-21 20:29:22 1436 [Note] InnoDB: from the doublewrite buffer...
2020-07-21 20:29:22 1436 [Note] InnoDB: 128 rollback segment(s) are active.
2020-07-21 20:29:22 1436 [Note] InnoDB: Waiting for purge to start
2020-07-21 20:29:22 1436 [Note] InnoDB: 5.6.13 started; log sequence number 2338842
2020-07-21 20:29:22 1436 [Note] Server hostname (bind-address): '*'; port: 3307
2020-07-21 20:29:22 1436 [Note] IPv6 is available.
2020-07-21 20:29:22 1436 [Note]   - '::' resolves to '::';
2020-07-21 20:29:22 1436 [Note] Server socket created on IP: '::'.
